{
  "RSpec": {
    "coverage": {
      "/Users/charlietanksley/Documents/web/moxie_academy/config/boot.rb": [
        null,
        1,
        1,
        null,
        null,
        1,
        1,
        1,
        null,
        null,
        null,
        null,
        null,
        null,
        null,
        null,
        null,
        null,
        null,
        1,
        null,
        null,
        null,
        null,
        null,
        1,
        1,
        1,
        null,
        null,
        1
      ],
      "/Users/charlietanksley/Documents/web/moxie_academy/config/database.rb": [
        null,
        null,
        null,
        null,
        null,
        null,
        null,
        null,
        null,
        null,
        null,
        1,
        1,
        null,
        1,
        0,
        0,
        1,
        null
      ],
      "/Users/charlietanksley/Documents/web/moxie_academy/lib/compass_plugin.rb": [
        null,
        null,
        null,
        null,
        1,
        1,
        1,
        null,
        1,
        1,
        1,
        1,
        1,
        1,
        1,
        1,
        1,
        null,
        null,
        1,
        1,
        null,
        1,
        null,
        null
      ],
      "/Users/charlietanksley/Documents/web/moxie_academy/models/group.rb": [
        1,
        1,
        null,
        null,
        1,
        1,
        1,
        null,
        1,
        1,
        1,
        null
      ],
      "/Users/charlietanksley/Documents/web/moxie_academy/models/lesson.rb": [
        1,
        1,
        null,
        null,
        1,
        1,
        1,
        1,
        1,
        1,
        null,
        1,
        1,
        1,
        null
      ],
      "/Users/charlietanksley/Documents/web/moxie_academy/models/user.rb": [
        1,
        1,
        null,
        null,
        1,
        1,
        1,
        null,
        1,
        1,
        1,
        null
      ],
      "/Users/charlietanksley/Documents/web/moxie_academy/config/apps.rb": [
        null,
        null,
        null,
        null,
        null,
        null,
        null,
        null,
        null,
        null,
        null,
        null,
        null,
        null,
        null,
        null,
        null,
        null,
        null,
        null,
        null,
        null,
        null,
        null,
        null,
        null,
        null,
        1,
        null,
        1,
        null,
        null,
        null,
        1
      ],
      "/Users/charlietanksley/Documents/web/moxie_academy/app/app.rb": [
        1,
        1,
        1,
        1,
        1,
        null,
        null,
        1,
        null,
        null,
        null,
        null,
        null,
        null,
        null,
        null,
        null,
        null,
        null,
        null,
        null,
        null,
        null,
        null,
        null,
        null,
        null,
        null,
        null,
        null,
        null,
        null,
        null,
        null,
        null,
        null,
        null,
        null,
        null,
        null,
        null,
        null,
        null,
        null,
        null,
        null,
        null,
        null,
        1,
        1,
        1,
        1,
        1,
        null,
        null,
        null,
        null,
        null,
        null,
        null,
        null,
        null,
        null,
        null,
        null,
        null,
        null
      ],
      "/Users/charlietanksley/Documents/web/moxie_academy/app/controllers/groups.rb": [
        1,
        null,
        null,
        null,
        null,
        null,
        null,
        null,
        null,
        null,
        null,
        null,
        null,
        null,
        null,
        null,
        null,
        null,
        null,
        null,
        null,
        null
      ],
      "/Users/charlietanksley/Documents/web/moxie_academy/app/controllers/lessons.rb": [
        1,
        null,
        null,
        null,
        null,
        null,
        null,
        null,
        null,
        null,
        null,
        null,
        null,
        null,
        null,
        null,
        null,
        null,
        null,
        null,
        null,
        1,
        null,
        null,
        null,
        1,
        null,
        null,
        null,
        1,
        null,
        null,
        1,
        null,
        null,
        null,
        1,
        null,
        null,
        1,
        null,
        null,
        null
      ],
      "/Users/charlietanksley/Documents/web/moxie_academy/app/controllers/users.rb": [
        1,
        null,
        null,
        null,
        null,
        null,
        null,
        null,
        null,
        null,
        null,
        null,
        null,
        null,
        null,
        null,
        null,
        null,
        null,
        null,
        1,
        null,
        null,
        1,
        0,
        null,
        null,
        1,
        0,
        null,
        null,
        1,
        null,
        null,
        1,
        0,
        null,
        null,
        1,
        null,
        null,
        null
      ],
      "/Users/charlietanksley/Documents/web/moxie_academy/app/helpers/groups_helper.rb": [
        null,
        null,
        1,
        null,
        null,
        null,
        null
      ],
      "/Users/charlietanksley/Documents/web/moxie_academy/app/helpers/lessons_helper.rb": [
        null,
        null,
        1,
        null,
        null,
        null,
        null
      ],
      "/Users/charlietanksley/Documents/web/moxie_academy/app/helpers/users_helper.rb": [
        null,
        null,
        1,
        null,
        null,
        null,
        null
      ],
      "/Users/charlietanksley/Documents/web/moxie_academy/spec/factories.rb": [
        1,
        1,
        1,
        null,
        null,
        null,
        1,
        1,
        1,
        null,
        null,
        1,
        1,
        1,
        1,
        1,
        1,
        null
      ]
    },
    "timestamp": 1315770083
  }
}
